This is pdfTeX, Version 3.141592653-2.6-1.40.26 (MiKTeX 24.4) (preloaded format=pdflatex 2024.6.26)  16 FEB 2025 22:06
entering extended mode
 restricted \write18 enabled.
 file:line:error style messages enabled.
 %&-line parsing enabled.
**c:/Users/leona/OneDrive/Documentos/Github/Formato-para-Tareas-Facultad-de-Ciencias---UNAM/Plantilla.tex
(c:/Users/leona/OneDrive/Documentos/Github/Formato-para-Tareas-Facultad-de-Ciencias---UNAM/Plantilla.tex
LaTeX2e <2024-06-01> patch level 1
L3 programming layer <2024-05-27>
(C:\Users\leona\AppData\Local\Programs\MiKTeX5.5\tex/latex/base\article.cls
Document Class: article 2024/02/08 v1.4n Standard LaTeX document class
(C:\Users\leona\AppData\Local\Programs\MiKTeX5.5\tex/latex/base\size11.clo
File: size11.clo 2024/02/08 v1.4n Standard LaTeX file (size option)
)
\c@part=\count194
\c@section=\count195
\c@subsection=\count196
\c@subsubsection=\count197
\c@paragraph=\count198
\c@subparagraph=\count199
\c@figure=\count266
\c@table=\count267
\abovecaptionskip=\skip49
\belowcaptionskip=\skip50
\bibindent=\dimen141
) (configuracion.tex (C:\Users\leona\AppData\Local\Programs\MiKTeX5.5\tex/latex/base\inputenc.sty
Package: inputenc 2024/02/08 v1.3d Input encoding file
\inpenc@prehook=\toks17
\inpenc@posthook=\toks18
) (C:\Users\leona\AppData\Local\Programs\MiKTeX5.5\tex/generic/babel\babel.sty
Package: babel 2024/06/02 v24.6 The Babel package
\babel@savecnt=\count268
\U@D=\dimen142
\l@unhyphenated=\language79
 (C:\Users\leona\AppData\Local\Programs\MiKTeX5.5\tex/generic/babel\txtbabel.def)
\bbl@readstream=\read2
\bbl@dirlevel=\count269

*************************************
* Local config file bblopts.cfg used
*
(C:\Users\leona\AppData\Local\Programs\MiKTeX5.5\tex/latex/arabi\bblopts.cfg
File: bblopts.cfg 2005/09/08 v0.1 add Arabic and Farsi to "declared" options of babel
) (C:\Users\leona\AppData\Local\Programs\MiKTeX5.5\tex/latex/babel-spanish\spanish.ldf
Language: spanish.ldf 2021/05/27 v5.0q Spanish support from the babel system
\es@quottoks=\toks19
\es@quotdepth=\count270
Package babel Info: Making " an active character on input line 570.
Package babel Info: Making . an active character on input line 675.
Package babel Info: Making < an active character on input line 722.
Package babel Info: Making > an active character on input line 722.
)) (C:\Users\leona\AppData\Local\Programs\MiKTeX5.5\tex/generic/babel/locale/es\babel-spanish.tex
Package babel Info: Importing font and identification data for spanish
(babel)             from babel-es.ini. Reported on input line 11.
) (C:\Users\leona\AppData\Local\Programs\MiKTeX5.5\tex/latex/graphics\graphicx.sty
Package: graphicx 2021/09/16 v1.2d Enhanced LaTeX Graphics (DPC,SPQR)
 (C:\Users\leona\AppData\Local\Programs\MiKTeX5.5\tex/latex/graphics\keyval.sty
Package: keyval 2022/05/29 v1.15 key=value parser (DPC)
\KV@toks@=\toks20
) (C:\Users\leona\AppData\Local\Programs\MiKTeX5.5\tex/latex/graphics\graphics.sty
Package: graphics 2024/05/23 v1.4g Standard LaTeX Graphics (DPC,SPQR)
 (C:\Users\leona\AppData\Local\Programs\MiKTeX5.5\tex/latex/graphics\trig.sty
Package: trig 2023/12/02 v1.11 sin cos tan (DPC)
) (C:\Users\leona\AppData\Local\Programs\MiKTeX5.5\tex/latex/graphics-cfg\graphics.cfg
File: graphics.cfg 2016/06/04 v1.11 sample graphics configuration
)
Package graphics Info: Driver file: pdftex.def on input line 106.
 (C:\Users\leona\AppData\Local\Programs\MiKTeX5.5\tex/latex/graphics-def\pdftex.def
File: pdftex.def 2024/04/13 v1.2c Graphics/color driver for pdftex
))
\Gin@req@height=\dimen143
\Gin@req@width=\dimen144
) (C:\Users\leona\AppData\Local\Programs\MiKTeX5.5\tex/latex/float\float.sty
Package: float 2001/11/08 v1.3d Float enhancements (AL)
\c@float@type=\count271
\float@exts=\toks21
\float@box=\box52
\@float@everytoks=\toks22
\@floatcapt=\box53
) (C:\Users\leona\AppData\Local\Programs\MiKTeX5.5\tex/latex/bookmark\bookmark.sty
Package: bookmark 2023-12-10 v1.31 PDF bookmarks (HO)
 (C:\Users\leona\AppData\Local\Programs\MiKTeX5.5\tex/latex/hyperref\hyperref.sty
Package: hyperref 2024-05-23 v7.01i Hypertext links for LaTeX
 (C:\Users\leona\AppData\Local\Programs\MiKTeX5.5\tex/generic/iftex\iftex.sty
Package: iftex 2022/02/03 v1.0f TeX engine tests
) (C:\Users\leona\AppData\Local\Programs\MiKTeX5.5\tex/latex/kvsetkeys\kvsetkeys.sty
Package: kvsetkeys 2022-10-05 v1.19 Key value parser (HO)
) (C:\Users\leona\AppData\Local\Programs\MiKTeX5.5\tex/generic/kvdefinekeys\kvdefinekeys.sty
Package: kvdefinekeys 2019-12-19 v1.6 Define keys (HO)
) (C:\Users\leona\AppData\Local\Programs\MiKTeX5.5\tex/generic/pdfescape\pdfescape.sty
Package: pdfescape 2019/12/09 v1.15 Implements pdfTeX's escape features (HO)
 (C:\Users\leona\AppData\Local\Programs\MiKTeX5.5\tex/generic/ltxcmds\ltxcmds.sty
Package: ltxcmds 2023-12-04 v1.26 LaTeX kernel commands for general use (HO)
) (C:\Users\leona\AppData\Local\Programs\MiKTeX5.5\tex/generic/pdftexcmds\pdftexcmds.sty
Package: pdftexcmds 2020-06-27 v0.33 Utility functions of pdfTeX for LuaTeX (HO)
 (C:\Users\leona\AppData\Local\Programs\MiKTeX5.5\tex/generic/infwarerr\infwarerr.sty
Package: infwarerr 2019/12/03 v1.5 Providing info/warning/error messages (HO)
)
Package pdftexcmds Info: \pdf@primitive is available.
Package pdftexcmds Info: \pdf@ifprimitive is available.
Package pdftexcmds Info: \pdfdraftmode found.
)) (C:\Users\leona\AppData\Local\Programs\MiKTeX5.5\tex/latex/hycolor\hycolor.sty
Package: hycolor 2020-01-27 v1.10 Color options for hyperref/bookmark (HO)
) (C:\Users\leona\AppData\Local\Programs\MiKTeX5.5\tex/latex/hyperref\nameref.sty
Package: nameref 2023-11-26 v2.56 Cross-referencing by name of section
 (C:\Users\leona\AppData\Local\Programs\MiKTeX5.5\tex/latex/refcount\refcount.sty
Package: refcount 2019/12/15 v3.6 Data extraction from label references (HO)
) (C:\Users\leona\AppData\Local\Programs\MiKTeX5.5\tex/generic/gettitlestring\gettitlestring.sty
Package: gettitlestring 2019/12/15 v1.6 Cleanup title references (HO)
 (C:\Users\leona\AppData\Local\Programs\MiKTeX5.5\tex/latex/kvoptions\kvoptions.sty
Package: kvoptions 2022-06-15 v3.15 Key value format for package options (HO)
))
\c@section@level=\count272
) (C:\Users\leona\AppData\Local\Programs\MiKTeX5.5\tex/latex/etoolbox\etoolbox.sty
Package: etoolbox 2020/10/05 v2.5k e-TeX tools for LaTeX (JAW)
\etb@tempcnta=\count273
) (C:\Users\leona\AppData\Local\Programs\MiKTeX5.5\tex/generic/stringenc\stringenc.sty
Package: stringenc 2019/11/29 v1.12 Convert strings between diff. encodings (HO)
)
\@linkdim=\dimen145
\Hy@linkcounter=\count274
\Hy@pagecounter=\count275
 (C:\Users\leona\AppData\Local\Programs\MiKTeX5.5\tex/latex/hyperref\pd1enc.def
File: pd1enc.def 2024-05-23 v7.01i Hyperref: PDFDocEncoding definition (HO)
Now handling font encoding PD1 ...
... no UTF-8 mapping file for font encoding PD1
) (C:\Users\leona\AppData\Local\Programs\MiKTeX5.5\tex/generic/intcalc\intcalc.sty
Package: intcalc 2019/12/15 v1.3 Expandable calculations with integers (HO)
)
\Hy@SavedSpaceFactor=\count276
 (C:\Users\leona\AppData\Local\Programs\MiKTeX5.5\tex/latex/hyperref\puenc.def
File: puenc.def 2024-05-23 v7.01i Hyperref: PDF Unicode definition (HO)
Now handling font encoding PU ...
... no UTF-8 mapping file for font encoding PU
)
Package hyperref Info: Hyper figures OFF on input line 4157.
Package hyperref Info: Link nesting OFF on input line 4162.
Package hyperref Info: Hyper index ON on input line 4165.
Package hyperref Info: Plain pages OFF on input line 4172.
Package hyperref Info: Backreferencing OFF on input line 4177.
Package hyperref Info: Implicit mode ON; LaTeX internals redefined.
Package hyperref Info: Bookmarks ON on input line 4424.
\c@Hy@tempcnt=\count277
 (C:\Users\leona\AppData\Local\Programs\MiKTeX5.5\tex/latex/url\url.sty
\Urlmuskip=\muskip17
Package: url 2013/09/16  ver 3.4  Verb mode for urls, etc.
)
LaTeX Info: Redefining \url on input line 4763.
\XeTeXLinkMargin=\dimen146
 (C:\Users\leona\AppData\Local\Programs\MiKTeX5.5\tex/generic/bitset\bitset.sty
Package: bitset 2019/12/09 v1.3 Handle bit-vector datatype (HO)
 (C:\Users\leona\AppData\Local\Programs\MiKTeX5.5\tex/generic/bigintcalc\bigintcalc.sty
Package: bigintcalc 2019/12/15 v1.5 Expandable calculations on big integers (HO)
))
\Fld@menulength=\count278
\Field@Width=\dimen147
\Fld@charsize=\dimen148
Package hyperref Info: Hyper figures OFF on input line 6042.
Package hyperref Info: Link nesting OFF on input line 6047.
Package hyperref Info: Hyper index ON on input line 6050.
Package hyperref Info: backreferencing OFF on input line 6057.
Package hyperref Info: Link coloring OFF on input line 6062.
Package hyperref Info: Link coloring with OCG OFF on input line 6067.
Package hyperref Info: PDF/A mode OFF on input line 6072.
 (C:\Users\leona\AppData\Local\Programs\MiKTeX5.5\tex/latex/base\atbegshi-ltx.sty
Package: atbegshi-ltx 2021/01/10 v1.0c Emulation of the original atbegshi
package with kernel methods
)
\Hy@abspage=\count279
\c@Item=\count280
\c@Hfootnote=\count281
)
Package hyperref Info: Driver (autodetected): hpdftex.
 (C:\Users\leona\AppData\Local\Programs\MiKTeX5.5\tex/latex/hyperref\hpdftex.def
File: hpdftex.def 2024-05-23 v7.01i Hyperref driver for pdfTeX
 (C:\Users\leona\AppData\Local\Programs\MiKTeX5.5\tex/latex/base\atveryend-ltx.sty
Package: atveryend-ltx 2020/08/19 v1.0a Emulation of the original atveryend package
with kernel methods
)
\Fld@listcount=\count282
\c@bookmark@seq@number=\count283
 (C:\Users\leona\AppData\Local\Programs\MiKTeX5.5\tex/latex/rerunfilecheck\rerunfilecheck.sty
Package: rerunfilecheck 2022-07-10 v1.10 Rerun checks for auxiliary files (HO)
 (C:\Users\leona\AppData\Local\Programs\MiKTeX5.5\tex/generic/uniquecounter\uniquecounter.sty
Package: uniquecounter 2019/12/15 v1.4 Provide unlimited unique counter (HO)
)
Package uniquecounter Info: New unique counter `rerunfilecheck' on input line 285.
)
\Hy@SectionHShift=\skip51
) (C:\Users\leona\AppData\Local\Programs\MiKTeX5.5\tex/latex/bookmark\bkm-pdftex.def
File: bkm-pdftex.def 2023-12-10 v1.31 bookmark driver for pdfTeX and luaTeX (HO)
\BKM@id=\count284
)) (C:\Users\leona\AppData\Local\Programs\MiKTeX5.5\tex/latex/cancel\cancel.sty
Package: cancel 2013/04/12 v2.2 Cancel math terms
) (C:\Users\leona\AppData\Local\Programs\MiKTeX5.5\tex/latex/theoremref\theoremref.sty
Package: theoremref 2013/05/22 References with automatic theorem names
\thmref@num=\count285
)
Package hyperref Info: Option `colorlinks' set `true' on input line 28.
Package hyperref Info: Option `bookmarksnumbered' set `true' on input line 28.
Package hyperref Info: Option `bookmarksopen' set `true' on input line 28.
 (C:\Users\leona\AppData\Local\Programs\MiKTeX5.5\tex/latex/amsmath\amsmath.sty
Package: amsmath 2024/05/23 v2.17q AMS math features
\@mathmargin=\skip52

For additional information on amsmath, use the `?' option.
(C:\Users\leona\AppData\Local\Programs\MiKTeX5.5\tex/latex/amsmath\amstext.sty
Package: amstext 2021/08/26 v2.01 AMS text
 (C:\Users\leona\AppData\Local\Programs\MiKTeX5.5\tex/latex/amsmath\amsgen.sty
File: amsgen.sty 1999/11/30 v2.0 generic functions
\@emptytoks=\toks23
\ex@=\dimen149
)) (C:\Users\leona\AppData\Local\Programs\MiKTeX5.5\tex/latex/amsmath\amsbsy.sty
Package: amsbsy 1999/11/29 v1.2d Bold Symbols
\pmbraise@=\dimen150
) (C:\Users\leona\AppData\Local\Programs\MiKTeX5.5\tex/latex/amsmath\amsopn.sty
Package: amsopn 2022/04/08 v2.04 operator names
)
\inf@bad=\count286
LaTeX Info: Redefining \frac on input line 233.
\uproot@=\count287
\leftroot@=\count288
LaTeX Info: Redefining \overline on input line 398.
LaTeX Info: Redefining \colon on input line 409.
\classnum@=\count289
\DOTSCASE@=\count290
LaTeX Info: Redefining \ldots on input line 495.
LaTeX Info: Redefining \dots on input line 498.
LaTeX Info: Redefining \cdots on input line 619.
\Mathstrutbox@=\box54
\strutbox@=\box55
LaTeX Info: Redefining \big on input line 721.
LaTeX Info: Redefining \Big on input line 722.
LaTeX Info: Redefining \bigg on input line 723.
LaTeX Info: Redefining \Bigg on input line 724.
\big@size=\dimen151
LaTeX Font Info:    Redeclaring font encoding OML on input line 742.
LaTeX Font Info:    Redeclaring font encoding OMS on input line 743.
\macc@depth=\count291
LaTeX Info: Redefining \bmod on input line 904.
LaTeX Info: Redefining \pmod on input line 909.
LaTeX Info: Redefining \smash on input line 939.
LaTeX Info: Redefining \relbar on input line 969.
LaTeX Info: Redefining \Relbar on input line 970.
\c@MaxMatrixCols=\count292
\dotsspace@=\muskip18
\c@parentequation=\count293
\dspbrk@lvl=\count294
\tag@help=\toks24
\row@=\count295
\column@=\count296
\maxfields@=\count297
\andhelp@=\toks25
\eqnshift@=\dimen152
\alignsep@=\dimen153
\tagshift@=\dimen154
\tagwidth@=\dimen155
\totwidth@=\dimen156
\lineht@=\dimen157
\@envbody=\toks26
\multlinegap=\skip53
\multlinetaggap=\skip54
\mathdisplay@stack=\toks27
LaTeX Info: Redefining \[ on input line 2953.
LaTeX Info: Redefining \] on input line 2954.
) (C:\Users\leona\AppData\Local\Programs\MiKTeX5.5\tex/latex/amsfonts\amsfonts.sty
Package: amsfonts 2013/01/14 v3.01 Basic AMSFonts support
\symAMSa=\mathgroup4
\symAMSb=\mathgroup5
LaTeX Font Info:    Redeclaring math symbol \hbar on input line 98.
LaTeX Font Info:    Overwriting math alphabet `\mathfrak' in version `bold'
(Font)                  U/euf/m/n --> U/euf/b/n on input line 106.
) (C:\Users\leona\AppData\Local\Programs\MiKTeX5.5\tex/latex/amscls\amsthm.sty
Package: amsthm 2020/05/29 v2.20.6
\thm@style=\toks28
\thm@bodyfont=\toks29
\thm@headfont=\toks30
\thm@notefont=\toks31
\thm@headpunct=\toks32
\thm@preskip=\skip55
\thm@postskip=\skip56
\thm@headsep=\skip57
\dth@everypar=\toks33
) (C:\Users\leona\AppData\Local\Programs\MiKTeX5.5\tex/latex/amsfonts\amssymb.sty
Package: amssymb 2013/01/14 v3.01 AMS font symbols
) (C:\Users\leona\AppData\Local\Programs\MiKTeX5.5\tex/latex/mathtools\mathtools.sty
Package: mathtools 2024/03/11 v1.30 mathematical typesetting tools
 (C:\Users\leona\AppData\Local\Programs\MiKTeX5.5\tex/latex/tools\calc.sty
Package: calc 2023/07/08 v4.3 Infix arithmetic (KKT,FJ)
\calc@Acount=\count298
\calc@Bcount=\count299
\calc@Adimen=\dimen158
\calc@Bdimen=\dimen159
\calc@Askip=\skip58
\calc@Bskip=\skip59
LaTeX Info: Redefining \setlength on input line 80.
LaTeX Info: Redefining \addtolength on input line 81.
\calc@Ccount=\count300
\calc@Cskip=\skip60
) (C:\Users\leona\AppData\Local\Programs\MiKTeX5.5\tex/latex/mathtools\mhsetup.sty
Package: mhsetup 2021/03/18 v1.4 programming setup (MH)
)
\g_MT_multlinerow_int=\count301
\l_MT_multwidth_dim=\dimen160
\origjot=\skip61
\l_MT_shortvdotswithinadjustabove_dim=\dimen161
\l_MT_shortvdotswithinadjustbelow_dim=\dimen162
\l_MT_above_intertext_sep=\dimen163
\l_MT_below_intertext_sep=\dimen164
\l_MT_above_shortintertext_sep=\dimen165
\l_MT_below_shortintertext_sep=\dimen166
\xmathstrut@box=\box56
\xmathstrut@dim=\dimen167
) (C:\Users\leona\AppData\Local\Programs\MiKTeX5.5\tex/latex/xfrac\xfrac.sty
Package: xfrac 2024-06-04 Split-level fractions
\l__xfrac_slash_box=\box57
\l__xfrac_tmp_box=\box58
\l__xfrac_denominator_bot_sep_dim=\dimen168
\l__xfrac_numerator_bot_sep_dim=\dimen169
\l__xfrac_numerator_top_sep_dim=\dimen170
\l__xfrac_slash_left_sep_dim=\dimen171
\l__xfrac_slash_right_sep_dim=\dimen172
\l__xfrac_slash_left_muskip=\muskip19
\l__xfrac_slash_right_muskip=\muskip20

LaTeX template Info: Declaring template type 'xfrac' taking 3 argument(s) on
(template)           line 100.


LaTeX template Info: Declaring instance 'cmr' of type xfrac on line 392.


LaTeX template Info: Declaring instance 'cmss' of type xfrac on line 392.


LaTeX template Info: Declaring instance 'cmtt' of type xfrac on line 392.

) (C:\Users\leona\AppData\Local\Programs\MiKTeX5.5\tex/latex/tikz-cd\tikz-cd.sty
Package: tikz-cd 2021/05/04 v1.0 Commutative diagrams with TikZ
 (C:\Users\leona\AppData\Local\Programs\MiKTeX5.5\tex/latex/pgf/frontendlayer\tikz.sty (C:\Users\leona\AppData\Local\Programs\MiKTeX5.5\tex/latex/pgf/basiclayer\pgf.sty (C:\Users\leona\AppData\Local\Programs\MiKTeX5.5\tex/latex/pgf/utilities\pgfrcs.sty (C:\Users\leona\AppData\Local\Programs\MiKTeX5.5\tex/generic/pgf/utilities\pgfutil-common.tex
\pgfutil@everybye=\toks34
\pgfutil@tempdima=\dimen173
\pgfutil@tempdimb=\dimen174
) (C:\Users\leona\AppData\Local\Programs\MiKTeX5.5\tex/generic/pgf/utilities\pgfutil-latex.def
\pgfutil@abb=\box59
) (C:\Users\leona\AppData\Local\Programs\MiKTeX5.5\tex/generic/pgf/utilities\pgfrcs.code.tex (C:\Users\leona\AppData\Local\Programs\MiKTeX5.5\tex/generic/pgf\pgf.revision.tex)
Package: pgfrcs 2023-01-15 v3.1.10 (3.1.10)
))
Package: pgf 2023-01-15 v3.1.10 (3.1.10)
 (C:\Users\leona\AppData\Local\Programs\MiKTeX5.5\tex/latex/pgf/basiclayer\pgfcore.sty (C:\Users\leona\AppData\Local\Programs\MiKTeX5.5\tex/latex/pgf/systemlayer\pgfsys.sty (C:\Users\leona\AppData\Local\Programs\MiKTeX5.5\tex/generic/pgf/systemlayer\pgfsys.code.tex
Package: pgfsys 2023-01-15 v3.1.10 (3.1.10)
 (C:\Users\leona\AppData\Local\Programs\MiKTeX5.5\tex/generic/pgf/utilities\pgfkeys.code.tex
\pgfkeys@pathtoks=\toks35
\pgfkeys@temptoks=\toks36
 (C:\Users\leona\AppData\Local\Programs\MiKTeX5.5\tex/generic/pgf/utilities\pgfkeyslibraryfiltered.code.tex
\pgfkeys@tmptoks=\toks37
))
\pgf@x=\dimen175
\pgf@y=\dimen176
\pgf@xa=\dimen177
\pgf@ya=\dimen178
\pgf@xb=\dimen179
\pgf@yb=\dimen180
\pgf@xc=\dimen181
\pgf@yc=\dimen182
\pgf@xd=\dimen183
\pgf@yd=\dimen184
\w@pgf@writea=\write3
\r@pgf@reada=\read3
\c@pgf@counta=\count302
\c@pgf@countb=\count303
\c@pgf@countc=\count304
\c@pgf@countd=\count305
\t@pgf@toka=\toks38
\t@pgf@tokb=\toks39
\t@pgf@tokc=\toks40
\pgf@sys@id@count=\count306
 (C:\Users\leona\AppData\Local\Programs\MiKTeX5.5\tex/generic/pgf/systemlayer\pgf.cfg
File: pgf.cfg 2023-01-15 v3.1.10 (3.1.10)
)
Driver file for pgf: pgfsys-pdftex.def
 (C:\Users\leona\AppData\Local\Programs\MiKTeX5.5\tex/generic/pgf/systemlayer\pgfsys-pdftex.def
File: pgfsys-pdftex.def 2023-01-15 v3.1.10 (3.1.10)
 (C:\Users\leona\AppData\Local\Programs\MiKTeX5.5\tex/generic/pgf/systemlayer\pgfsys-common-pdf.def
File: pgfsys-common-pdf.def 2023-01-15 v3.1.10 (3.1.10)
))) (C:\Users\leona\AppData\Local\Programs\MiKTeX5.5\tex/generic/pgf/systemlayer\pgfsyssoftpath.code.tex
File: pgfsyssoftpath.code.tex 2023-01-15 v3.1.10 (3.1.10)
\pgfsyssoftpath@smallbuffer@items=\count307
\pgfsyssoftpath@bigbuffer@items=\count308
) (C:\Users\leona\AppData\Local\Programs\MiKTeX5.5\tex/generic/pgf/systemlayer\pgfsysprotocol.code.tex
File: pgfsysprotocol.code.tex 2023-01-15 v3.1.10 (3.1.10)
)) (C:\Users\leona\AppData\Local\Programs\MiKTeX5.5\tex/latex/xcolor\xcolor.sty
Package: xcolor 2023/11/15 v3.01 LaTeX color extensions (UK)
 (C:\Users\leona\AppData\Local\Programs\MiKTeX5.5\tex/latex/graphics-cfg\color.cfg
File: color.cfg 2016/01/02 v1.6 sample color configuration
)
Package xcolor Info: Driver file: pdftex.def on input line 274.
 (C:\Users\leona\AppData\Local\Programs\MiKTeX5.5\tex/latex/graphics\mathcolor.ltx)
Package xcolor Info: Model `cmy' substituted by `cmy0' on input line 1350.
Package xcolor Info: Model `hsb' substituted by `rgb' on input line 1354.
Package xcolor Info: Model `RGB' extended on input line 1366.
Package xcolor Info: Model `HTML' substituted by `rgb' on input line 1368.
Package xcolor Info: Model `Hsb' substituted by `hsb' on input line 1369.
Package xcolor Info: Model `tHsb' substituted by `hsb' on input line 1370.
Package xcolor Info: Model `HSB' substituted by `hsb' on input line 1371.
Package xcolor Info: Model `Gray' substituted by `gray' on input line 1372.
Package xcolor Info: Model `wave' substituted by `hsb' on input line 1373.
) (C:\Users\leona\AppData\Local\Programs\MiKTeX5.5\tex/generic/pgf/basiclayer\pgfcore.code.tex
Package: pgfcore 2023-01-15 v3.1.10 (3.1.10)
 (C:\Users\leona\AppData\Local\Programs\MiKTeX5.5\tex/generic/pgf/math\pgfmath.code.tex (C:\Users\leona\AppData\Local\Programs\MiKTeX5.5\tex/generic/pgf/math\pgfmathutil.code.tex) (C:\Users\leona\AppData\Local\Programs\MiKTeX5.5\tex/generic/pgf/math\pgfmathparser.code.tex
\pgfmath@dimen=\dimen185
\pgfmath@count=\count309
\pgfmath@box=\box60
\pgfmath@toks=\toks41
\pgfmath@stack@operand=\toks42
\pgfmath@stack@operation=\toks43
) (C:\Users\leona\AppData\Local\Programs\MiKTeX5.5\tex/generic/pgf/math\pgfmathfunctions.code.tex) (C:\Users\leona\AppData\Local\Programs\MiKTeX5.5\tex/generic/pgf/math\pgfmathfunctions.basic.code.tex) (C:\Users\leona\AppData\Local\Programs\MiKTeX5.5\tex/generic/pgf/math\pgfmathfunctions.trigonometric.code.tex) (C:\Users\leona\AppData\Local\Programs\MiKTeX5.5\tex/generic/pgf/math\pgfmathfunctions.random.code.tex) (C:\Users\leona\AppData\Local\Programs\MiKTeX5.5\tex/generic/pgf/math\pgfmathfunctions.comparison.code.tex) (C:\Users\leona\AppData\Local\Programs\MiKTeX5.5\tex/generic/pgf/math\pgfmathfunctions.base.code.tex) (C:\Users\leona\AppData\Local\Programs\MiKTeX5.5\tex/generic/pgf/math\pgfmathfunctions.round.code.tex) (C:\Users\leona\AppData\Local\Programs\MiKTeX5.5\tex/generic/pgf/math\pgfmathfunctions.misc.code.tex) (C:\Users\leona\AppData\Local\Programs\MiKTeX5.5\tex/generic/pgf/math\pgfmathfunctions.integerarithmetics.code.tex) (C:\Users\leona\AppData\Local\Programs\MiKTeX5.5\tex/generic/pgf/math\pgfmathcalc.code.tex) (C:\Users\leona\AppData\Local\Programs\MiKTeX5.5\tex/generic/pgf/math\pgfmathfloat.code.tex
\c@pgfmathroundto@lastzeros=\count310
)) (C:\Users\leona\AppData\Local\Programs\MiKTeX5.5\tex/generic/pgf/math\pgfint.code.tex) (C:\Users\leona\AppData\Local\Programs\MiKTeX5.5\tex/generic/pgf/basiclayer\pgfcorepoints.code.tex
File: pgfcorepoints.code.tex 2023-01-15 v3.1.10 (3.1.10)
\pgf@picminx=\dimen186
\pgf@picmaxx=\dimen187
\pgf@picminy=\dimen188
\pgf@picmaxy=\dimen189
\pgf@pathminx=\dimen190
\pgf@pathmaxx=\dimen191
\pgf@pathminy=\dimen192
\pgf@pathmaxy=\dimen193
\pgf@xx=\dimen194
\pgf@xy=\dimen195
\pgf@yx=\dimen196
\pgf@yy=\dimen197
\pgf@zx=\dimen198
\pgf@zy=\dimen199
) (C:\Users\leona\AppData\Local\Programs\MiKTeX5.5\tex/generic/pgf/basiclayer\pgfcorepathconstruct.code.tex
File: pgfcorepathconstruct.code.tex 2023-01-15 v3.1.10 (3.1.10)
\pgf@path@lastx=\dimen256
\pgf@path@lasty=\dimen257
) (C:\Users\leona\AppData\Local\Programs\MiKTeX5.5\tex/generic/pgf/basiclayer\pgfcorepathusage.code.tex
File: pgfcorepathusage.code.tex 2023-01-15 v3.1.10 (3.1.10)
\pgf@shorten@end@additional=\dimen258
\pgf@shorten@start@additional=\dimen259
) (C:\Users\leona\AppData\Local\Programs\MiKTeX5.5\tex/generic/pgf/basiclayer\pgfcorescopes.code.tex
File: pgfcorescopes.code.tex 2023-01-15 v3.1.10 (3.1.10)
\pgfpic=\box61
\pgf@hbox=\box62
\pgf@layerbox@main=\box63
\pgf@picture@serial@count=\count311
) (C:\Users\leona\AppData\Local\Programs\MiKTeX5.5\tex/generic/pgf/basiclayer\pgfcoregraphicstate.code.tex
File: pgfcoregraphicstate.code.tex 2023-01-15 v3.1.10 (3.1.10)
\pgflinewidth=\dimen260
) (C:\Users\leona\AppData\Local\Programs\MiKTeX5.5\tex/generic/pgf/basiclayer\pgfcoretransformations.code.tex
File: pgfcoretransformations.code.tex 2023-01-15 v3.1.10 (3.1.10)
\pgf@pt@x=\dimen261
\pgf@pt@y=\dimen262
\pgf@pt@temp=\dimen263
) (C:\Users\leona\AppData\Local\Programs\MiKTeX5.5\tex/generic/pgf/basiclayer\pgfcorequick.code.tex
File: pgfcorequick.code.tex 2023-01-15 v3.1.10 (3.1.10)
) (C:\Users\leona\AppData\Local\Programs\MiKTeX5.5\tex/generic/pgf/basiclayer\pgfcoreobjects.code.tex
File: pgfcoreobjects.code.tex 2023-01-15 v3.1.10 (3.1.10)
) (C:\Users\leona\AppData\Local\Programs\MiKTeX5.5\tex/generic/pgf/basiclayer\pgfcorepathprocessing.code.tex
File: pgfcorepathprocessing.code.tex 2023-01-15 v3.1.10 (3.1.10)
) (C:\Users\leona\AppData\Local\Programs\MiKTeX5.5\tex/generic/pgf/basiclayer\pgfcorearrows.code.tex
File: pgfcorearrows.code.tex 2023-01-15 v3.1.10 (3.1.10)
\pgfarrowsep=\dimen264
) (C:\Users\leona\AppData\Local\Programs\MiKTeX5.5\tex/generic/pgf/basiclayer\pgfcoreshade.code.tex
File: pgfcoreshade.code.tex 2023-01-15 v3.1.10 (3.1.10)
\pgf@max=\dimen265
\pgf@sys@shading@range@num=\count312
\pgf@shadingcount=\count313
) (C:\Users\leona\AppData\Local\Programs\MiKTeX5.5\tex/generic/pgf/basiclayer\pgfcoreimage.code.tex
File: pgfcoreimage.code.tex 2023-01-15 v3.1.10 (3.1.10)
) (C:\Users\leona\AppData\Local\Programs\MiKTeX5.5\tex/generic/pgf/basiclayer\pgfcoreexternal.code.tex
File: pgfcoreexternal.code.tex 2023-01-15 v3.1.10 (3.1.10)
\pgfexternal@startupbox=\box64
) (C:\Users\leona\AppData\Local\Programs\MiKTeX5.5\tex/generic/pgf/basiclayer\pgfcorelayers.code.tex
File: pgfcorelayers.code.tex 2023-01-15 v3.1.10 (3.1.10)
) (C:\Users\leona\AppData\Local\Programs\MiKTeX5.5\tex/generic/pgf/basiclayer\pgfcoretransparency.code.tex
File: pgfcoretransparency.code.tex 2023-01-15 v3.1.10 (3.1.10)
) (C:\Users\leona\AppData\Local\Programs\MiKTeX5.5\tex/generic/pgf/basiclayer\pgfcorepatterns.code.tex
File: pgfcorepatterns.code.tex 2023-01-15 v3.1.10 (3.1.10)
) (C:\Users\leona\AppData\Local\Programs\MiKTeX5.5\tex/generic/pgf/basiclayer\pgfcorerdf.code.tex
File: pgfcorerdf.code.tex 2023-01-15 v3.1.10 (3.1.10)
))) (C:\Users\leona\AppData\Local\Programs\MiKTeX5.5\tex/generic/pgf/modules\pgfmoduleshapes.code.tex
File: pgfmoduleshapes.code.tex 2023-01-15 v3.1.10 (3.1.10)
\pgfnodeparttextbox=\box65
) (C:\Users\leona\AppData\Local\Programs\MiKTeX5.5\tex/generic/pgf/modules\pgfmoduleplot.code.tex
File: pgfmoduleplot.code.tex 2023-01-15 v3.1.10 (3.1.10)
) (C:\Users\leona\AppData\Local\Programs\MiKTeX5.5\tex/latex/pgf/compatibility\pgfcomp-version-0-65.sty
Package: pgfcomp-version-0-65 2023-01-15 v3.1.10 (3.1.10)
\pgf@nodesepstart=\dimen266
\pgf@nodesepend=\dimen267
) (C:\Users\leona\AppData\Local\Programs\MiKTeX5.5\tex/latex/pgf/compatibility\pgfcomp-version-1-18.sty
Package: pgfcomp-version-1-18 2023-01-15 v3.1.10 (3.1.10)
)) (C:\Users\leona\AppData\Local\Programs\MiKTeX5.5\tex/latex/pgf/utilities\pgffor.sty (C:\Users\leona\AppData\Local\Programs\MiKTeX5.5\tex/latex/pgf/utilities\pgfkeys.sty (C:\Users\leona\AppData\Local\Programs\MiKTeX5.5\tex/generic/pgf/utilities\pgfkeys.code.tex)) (C:\Users\leona\AppData\Local\Programs\MiKTeX5.5\tex/latex/pgf/math\pgfmath.sty (C:\Users\leona\AppData\Local\Programs\MiKTeX5.5\tex/generic/pgf/math\pgfmath.code.tex)) (C:\Users\leona\AppData\Local\Programs\MiKTeX5.5\tex/generic/pgf/utilities\pgffor.code.tex
Package: pgffor 2023-01-15 v3.1.10 (3.1.10)
\pgffor@iter=\dimen268
\pgffor@skip=\dimen269
\pgffor@stack=\toks44
\pgffor@toks=\toks45
)) (C:\Users\leona\AppData\Local\Programs\MiKTeX5.5\tex/generic/pgf/frontendlayer/tikz\tikz.code.tex
Package: tikz 2023-01-15 v3.1.10 (3.1.10)
 (C:\Users\leona\AppData\Local\Programs\MiKTeX5.5\tex/generic/pgf/libraries\pgflibraryplothandlers.code.tex
File: pgflibraryplothandlers.code.tex 2023-01-15 v3.1.10 (3.1.10)
\pgf@plot@mark@count=\count314
\pgfplotmarksize=\dimen270
)
\tikz@lastx=\dimen271
\tikz@lasty=\dimen272
\tikz@lastxsaved=\dimen273
\tikz@lastysaved=\dimen274
\tikz@lastmovetox=\dimen275
\tikz@lastmovetoy=\dimen276
\tikzleveldistance=\dimen277
\tikzsiblingdistance=\dimen278
\tikz@figbox=\box66
\tikz@figbox@bg=\box67
\tikz@tempbox=\box68
\tikz@tempbox@bg=\box69
\tikztreelevel=\count315
\tikznumberofchildren=\count316
\tikznumberofcurrentchild=\count317
\tikz@fig@count=\count318
 (C:\Users\leona\AppData\Local\Programs\MiKTeX5.5\tex/generic/pgf/modules\pgfmodulematrix.code.tex
File: pgfmodulematrix.code.tex 2023-01-15 v3.1.10 (3.1.10)
\pgfmatrixcurrentrow=\count319
\pgfmatrixcurrentcolumn=\count320
\pgf@matrix@numberofcolumns=\count321
)
\tikz@expandcount=\count322
 (C:\Users\leona\AppData\Local\Programs\MiKTeX5.5\tex/generic/pgf/frontendlayer/tikz/libraries\tikzlibrarytopaths.code.tex
File: tikzlibrarytopaths.code.tex 2023-01-15 v3.1.10 (3.1.10)
))) (C:\Users\leona\AppData\Local\Programs\MiKTeX5.5\tex/latex/tikz-cd\tikzlibrarycd.code.tex (C:\Users\leona\AppData\Local\Programs\MiKTeX5.5\tex/generic/pgf/frontendlayer/tikz/libraries\tikzlibrarymatrix.code.tex
File: tikzlibrarymatrix.code.tex 2023-01-15 v3.1.10 (3.1.10)
) (C:\Users\leona\AppData\Local\Programs\MiKTeX5.5\tex/generic/pgf/frontendlayer/tikz/libraries\tikzlibraryquotes.code.tex
File: tikzlibraryquotes.code.tex 2023-01-15 v3.1.10 (3.1.10)
) (C:\Users\leona\AppData\Local\Programs\MiKTeX5.5\tex/generic/pgf/libraries\pgflibraryarrows.meta.code.tex
File: pgflibraryarrows.meta.code.tex 2023-01-15 v3.1.10 (3.1.10)
\pgfarrowinset=\dimen279
\pgfarrowlength=\dimen280
\pgfarrowwidth=\dimen281
\pgfarrowlinewidth=\dimen282
))) (C:\Users\leona\AppData\Local\Programs\MiKTeX5.5\tex/latex/tikzsymbols\tikzsymbols.sty (C:\Users\leona\AppData\Local\Programs\MiKTeX5.5\tex/latex/l3packages/xparse\xparse.sty (C:\Users\leona\AppData\Local\Programs\MiKTeX5.5\tex/latex/l3kernel\expl3.sty
Package: expl3 2024-05-27 L3 programming layer (loader) 
 (C:\Users\leona\AppData\Local\Programs\MiKTeX5.5\tex/latex/l3backend\l3backend-pdftex.def
File: l3backend-pdftex.def 2024-05-08 L3 backend support: PDF output (pdfTeX)
\l__color_backend_stack_int=\count323
\l__pdf_internal_box=\box70
))
Package: xparse 2024-05-08 L3 Experimental document command parser
)
Package: tikzsymbols 2021/12/14 v4.12a Some symbols created using tikz and LaTeX3.
 (C:\Users\leona\AppData\Local\Programs\MiKTeX5.5\tex/latex/tools\xspace.sty
Package: xspace 2014/10/28 v1.13 Space after command names (DPC,MH)
) (C:\Users\leona\AppData\Local\Programs\MiKTeX5.5\tex/latex/l3packages/l3keys2e\l3keys2e.sty
Package: l3keys2e 2024-05-08 LaTeX2e option processing using LaTeX3 keys
) (C:\Users\leona\AppData\Local\Programs\MiKTeX5.5\tex/generic/pgf/frontendlayer/tikz/libraries\tikzlibraryarrows.code.tex
File: tikzlibraryarrows.code.tex 2023-01-15 v3.1.10 (3.1.10)
 (C:\Users\leona\AppData\Local\Programs\MiKTeX5.5\tex/generic/pgf/libraries\pgflibraryarrows.code.tex
File: pgflibraryarrows.code.tex 2023-01-15 v3.1.10 (3.1.10)
\arrowsize=\dimen283
)) (C:\Users\leona\AppData\Local\Programs\MiKTeX5.5\tex/generic/pgf/frontendlayer/tikz/libraries\tikzlibrarydecorations.pathmorphing.code.tex (C:\Users\leona\AppData\Local\Programs\MiKTeX5.5\tex/generic/pgf/frontendlayer/tikz/libraries\tikzlibrarydecorations.code.tex (C:\Users\leona\AppData\Local\Programs\MiKTeX5.5\tex/generic/pgf/modules\pgfmoduledecorations.code.tex
\pgfdecoratedcompleteddistance=\dimen284
\pgfdecoratedremainingdistance=\dimen285
\pgfdecoratedinputsegmentcompleteddistance=\dimen286
\pgfdecoratedinputsegmentremainingdistance=\dimen287
\pgf@decorate@distancetomove=\dimen288
\pgf@decorate@repeatstate=\count324
\pgfdecorationsegmentamplitude=\dimen289
\pgfdecorationsegmentlength=\dimen290
)
\tikz@lib@dec@box=\box71
) (C:\Users\leona\AppData\Local\Programs\MiKTeX5.5\tex/generic/pgf/libraries/decorations\pgflibrarydecorations.pathmorphing.code.tex)) (C:\Users\leona\AppData\Local\Programs\MiKTeX5.5\tex/generic/pgf/frontendlayer/tikz/libraries\tikzlibrarytrees.code.tex
File: tikzlibrarytrees.code.tex 2023-01-15 v3.1.10 (3.1.10)
)
\l__tikzsymbols_Moai_thickness_dim=\dimen291
\l__tikzsymbols_Kochtopf_nr_arguments_int=\count325
\l__tikzsymbols_Bratpfanne_nr_arguments_int=\count326
\l__tikzsymbols_Schneebesen_nr_arguments_int=\count327
\l__tikzsymbols_Sieb_nr_arguments_int=\count328
\l__tikzsymbols_Purierstab_nr_arguments_int=\count329
\l__tikzsymbols_Dreizack_nr_arguments_int=\count330
\l__tikzsymbols_Backblech_nr_arguments_int=\count331
\l__tikzsymbols_Ofen_nr_arguments_int=\count332
\l__tikzsymbols_Pfanne_nr_arguments_int=\count333
\l__tikzsymbols_Herd_nr_arguments_int=\count334
\l__tikzsymbols_Saftpresse_nr_arguments_int=\count335
\l__tikzsymbols_Schussel_nr_arguments_int=\count336
\l__tikzsymbols_Schaler_nr_arguments_int=\count337
\l__tikzsymbols_Reibe_nr_arguments_int=\count338
\l__tikzsymbols_Flasche_nr_arguments_int=\count339
\l__tikzsymbols_Nudelholz_nr_arguments_int=\count340
\l__tikzsymbols_Knoblauchpresse_nr_arguments_int=\count341
\l__tikzsymbols_Sadey_nr_arguments_int=\count342
\l__tikzsymbols_dSadey_nr_arguments_int=\count343
\l__tikzsymbols_Changey_nr_arguments_int=\count344
\l__tikzsymbols_dChangey_nr_arguments_int=\count345
\l__tikzsymbols_cChangey_nr_arguments_int=\count346
\l__tikzsymbols_dcChangey_nr_arguments_int=\count347
\l__tikzsymbols_Annoey_nr_arguments_int=\count348
\l__tikzsymbols_dAnnoey_nr_arguments_int=\count349
\l__tikzsymbols_Smiley_nr_arguments_int=\count350
\l__tikzsymbols_dSmiley_nr_arguments_int=\count351
\l__tikzsymbols_Laughey_nr_arguments_int=\count352
\l__tikzsymbols_dLaughey_nr_arguments_int=\count353
\l__tikzsymbols_Neutrey_nr_arguments_int=\count354
\l__tikzsymbols_dNeutrey_nr_arguments_int=\count355
\l__tikzsymbols_Winkey_nr_arguments_int=\count356
\l__tikzsymbols_oldWinkey_nr_arguments_int=\count357
\l__tikzsymbols_dWinkey_nr_arguments_int=\count358
\l__tikzsymbols_olddWinkey_nr_arguments_int=\count359
\l__tikzsymbols_Sey_nr_arguments_int=\count360
\l__tikzsymbols_dSey_nr_arguments_int=\count361
\l__tikzsymbols_Xey_nr_arguments_int=\count362
\l__tikzsymbols_dXey_nr_arguments_int=\count363
\l__tikzsymbols_Innocey_nr_arguments_int=\count364
\l__tikzsymbols_wInnocey_nr_arguments_int=\count365
\l__tikzsymbols_dInnocey_nr_arguments_int=\count366
\l__tikzsymbols_Cooley_nr_arguments_int=\count367
\l__tikzsymbols_dCooley_nr_arguments_int=\count368
\l__tikzsymbols_Tongey_nr_arguments_int=\count369
\l__tikzsymbols_dTongey_nr_arguments_int=\count370
\l__tikzsymbols_Nursey_nr_arguments_int=\count371
\l__tikzsymbols_dNursey_nr_arguments_int=\count372
\l__tikzsymbols_Vomey_nr_arguments_int=\count373
\l__tikzsymbols_dVomey_nr_arguments_int=\count374
\l__tikzsymbols_Walley_nr_arguments_int=\count375
\l__tikzsymbols_rWalley_nr_arguments_int=\count376
\l__tikzsymbols_dWalley_nr_arguments_int=\count377
\l__tikzsymbols_drWalley_nr_arguments_int=\count378
\l__tikzsymbols_Cat_nr_arguments_int=\count379
\l__tikzsymbols_SchrodingersCat_nr_arguments_int=\count380
\l__tikzsymbols_Ninja_nr_arguments_int=\count381
\l__tikzsymbols_dNinja_nr_arguments_int=\count382
\l__tikzsymbols_Sleepey_nr_arguments_int=\count383
\l__tikzsymbols_dSleepey_nr_arguments_int=\count384
\l__tikzsymbols_Maskey_nr_arguments_int=\count385
\l__tikzsymbols_NiceReapey_nr_arguments_int=\count386
\l__tikzsymbols_Strichmaxerl_nr_arguments_int=\count387
\l__tikzsymbols_Person_nr_arguments_int=\count388
\l__tikzsymbols_Heart_nr_arguments_int=\count389
\l__tikzsymbols_dHeart_nr_arguments_int=\count390
\l__tikzsymbols_HeartBroken_nr_arguments_int=\count391
\l__tikzsymbols_Candle_nr_arguments_int=\count392
\l__tikzsymbols_Fire_nr_arguments_int=\count393
\l__tikzsymbols_Coffeecup_nr_arguments_int=\count394
\l__tikzsymbols_Chair_nr_arguments_int=\count395
\l__tikzsymbols_Bed_nr_arguments_int=\count396
\l__tikzsymbols_Tribar_nr_arguments_int=\count397
\l__tikzsymbols_Moai_nr_arguments_int=\count398
\l__tikzsymbols_Snowman_nr_arguments_int=\count399
\l__tikzsymbols_BasicTree_nr_arguments_int=\count400
\l__tikzsymbols_WorstTree_nr_arguments_int=\count401
\l__tikzsymbols_Springtree_nr_arguments_int=\count402
\l__tikzsymbols_Summertree_nr_arguments_int=\count403
\l__tikzsymbols_Autumntree_nr_arguments_int=\count404
\l__tikzsymbols_Wintertree_nr_arguments_int=\count405
) (C:\Users\leona\AppData\Local\Programs\MiKTeX5.5\tex/latex/siunitx\siunitx.sty
Package: siunitx 2025-01-21 v3.4.4 A comprehensive (SI) units package
\l__siunitx_number_uncert_offset_int=\count406
\l__siunitx_number_exponent_fixed_int=\count407
\l__siunitx_number_min_decimal_int=\count408
\l__siunitx_number_min_integer_int=\count409
\l__siunitx_number_round_precision_int=\count410
\l__siunitx_number_lower_threshold_int=\count411
\l__siunitx_number_upper_threshold_int=\count412
\l__siunitx_number_group_first_int=\count413
\l__siunitx_number_group_size_int=\count414
\l__siunitx_number_group_minimum_int=\count415
\l__siunitx_angle_tmp_dim=\dimen292
\l__siunitx_angle_marker_box=\box72
\l__siunitx_angle_unit_box=\box73
\l__siunitx_compound_count_int=\count416
 (C:\Users\leona\AppData\Local\Programs\MiKTeX5.5\tex/latex/translations\translations.sty
Package: translations 2022/02/05 v1.12 internationalization of LaTeX2e packages (CN)
)
\l__siunitx_table_tmp_box=\box74
\l__siunitx_table_tmp_dim=\dimen293
\l__siunitx_table_column_width_dim=\dimen294
\l__siunitx_table_integer_box=\box75
\l__siunitx_table_decimal_box=\box76
\l__siunitx_table_uncert_box=\box77
\l__siunitx_table_before_box=\box78
\l__siunitx_table_after_box=\box79
\l__siunitx_table_before_dim=\dimen295
\l__siunitx_table_carry_dim=\dimen296
\l__siunitx_unit_tmp_int=\count417
\l__siunitx_unit_position_int=\count418
\l__siunitx_unit_total_int=\count419
 (C:\Users\leona\AppData\Local\Programs\MiKTeX5.5\tex/latex/tools\array.sty
Package: array 2024/06/14 v2.6d Tabular extension package (FMi)
\col@sep=\dimen297
\ar@mcellbox=\box80
\extrarowheight=\dimen298
\NC@list=\toks46
\extratabsurround=\skip62
\backup@length=\skip63
\ar@cellbox=\box81
)) (C:\Users\leona\AppData\Local\Programs\MiKTeX5.5\tex/latex/tools\multicol.sty
Package: multicol 2024/05/23 v1.9h multicolumn formatting (FMi)
\c@tracingmulticols=\count420
\mult@box=\box82
\multicol@leftmargin=\dimen299
\c@unbalance=\count421
\c@collectmore=\count422
\doublecol@number=\count423
\multicoltolerance=\count424
\multicolpretolerance=\count425
\full@width=\dimen300
\page@free=\dimen301
\premulticols=\dimen302
\postmulticols=\dimen303
\multicolsep=\skip64
\multicolbaselineskip=\skip65
\partial@page=\box83
\last@line=\box84
\mc@boxedresult=\box85
\maxbalancingoverflow=\dimen304
\mult@rightbox=\box86
\mult@grightbox=\box87
\mult@firstbox=\box88
\mult@gfirstbox=\box89
\@tempa=\box90
\@tempa=\box91
\@tempa=\box92
\@tempa=\box93
\@tempa=\box94
\@tempa=\box95
\@tempa=\box96
\@tempa=\box97
\@tempa=\box98
\@tempa=\box99
\@tempa=\box100
\@tempa=\box101
\@tempa=\box102
\@tempa=\box103
\@tempa=\box104
\@tempa=\box105
\@tempa=\box106
\@tempa=\box107
\@tempa=\box108
\@tempa=\box109
\@tempa=\box110
\@tempa=\box111
\@tempa=\box112
\@tempa=\box113
\@tempa=\box114
\@tempa=\box115
\@tempa=\box116
\@tempa=\box117
\@tempa=\box118
\@tempa=\box119
\@tempa=\box120
\@tempa=\box121
\@tempa=\box122
\@tempa=\box123
\@tempa=\box124
\@tempa=\box125
\c@minrows=\count426
\c@columnbadness=\count427
\c@finalcolumnbadness=\count428
\last@try=\dimen305
\multicolovershoot=\dimen306
\multicolundershoot=\dimen307
\mult@nat@firstbox=\box126
\colbreak@box=\box127
\mc@col@check@num=\count429
) (C:\Users\leona\AppData\Local\Programs\MiKTeX5.5\tex/latex/booktabs\booktabs.sty
Package: booktabs 2020/01/12 v1.61803398 Publication quality tables
\heavyrulewidth=\dimen308
\lightrulewidth=\dimen309
\cmidrulewidth=\dimen310
\belowrulesep=\dimen311
\belowbottomsep=\dimen312
\aboverulesep=\dimen313
\abovetopsep=\dimen314
\cmidrulesep=\dimen315
\cmidrulekern=\dimen316
\defaultaddspace=\dimen317
\@cmidla=\count430
\@cmidlb=\count431
\@aboverulesep=\dimen318
\@belowrulesep=\dimen319
\@thisruleclass=\count432
\@lastruleclass=\count433
\@thisrulewidth=\dimen320
) (C:\Users\leona\AppData\Local\Programs\MiKTeX5.5\tex/latex/algorithm2e\algorithm2e.sty
Package: algorithm2e 2017/07/18 v5.2 algorithms environments
\c@AlgoLine=\count434
 (C:\Users\leona\AppData\Local\Programs\MiKTeX5.5\tex/latex/base\ifthen.sty
Package: ifthen 2024/03/16 v1.1e Standard LaTeX ifthen package (DPC)
)
\algocf@hangindent=\skip66
 (C:\Users\leona\AppData\Local\Programs\MiKTeX5.5\tex/latex/ifoddpage\ifoddpage.sty
Package: ifoddpage 2022/10/18 v1.2 Conditionals for odd/even page detection
\c@checkoddpage=\count435
) (C:\Users\leona\AppData\Local\Programs\MiKTeX5.5\tex/latex/relsize\relsize.sty
Package: relsize 2013/03/29 ver 4.1
)
\skiptotal=\skip67
\skiplinenumber=\skip68
\skiprule=\skip69
\skiphlne=\skip70
\skiptext=\skip71
\skiplength=\skip72
\algomargin=\skip73
\skipalgocfslide=\skip74
\algowidth=\dimen321
\inoutsize=\dimen322
\inoutindent=\dimen323
\interspacetitleruled=\dimen324
\interspacealgoruled=\dimen325
\interspacetitleboxruled=\dimen326
\algocf@ruledwidth=\skip75
\algocf@inoutbox=\box128
\algocf@inputbox=\box129
\AlCapSkip=\skip76
\AlCapHSkip=\skip77
\algoskipindent=\skip78
\algocf@nlbox=\box130
\algocf@hangingbox=\box131
\algocf@untilbox=\box132
\algocf@skipuntil=\skip79
\algocf@capbox=\box133
\algocf@lcaptionbox=\skip80
\algoheightruledefault=\skip81
\algoheightrule=\skip82
\algotitleheightruledefault=\skip83
\algotitleheightrule=\skip84
\c@algocfline=\count436
\c@algocfproc=\count437
\c@algocf=\count438
\algocf@algoframe=\box134
\algocf@algobox=\box135
)
(C:\Users\leona\AppData\Local\Programs\MiKTeX5.5\tex/latex/listings\listings.sty
\lst@mode=\count439
\lst@gtempboxa=\box136
\lst@token=\toks47
\lst@length=\count440
\lst@currlwidth=\dimen327
\lst@column=\count441
\lst@pos=\count442
\lst@lostspace=\dimen328
\lst@width=\dimen329
\lst@newlines=\count443
\lst@lineno=\count444
\lst@maxwidth=\dimen330
 (C:\Users\leona\AppData\Local\Programs\MiKTeX5.5\tex/latex/listings\lstpatch.sty
File: lstpatch.sty 2024/05/25 1.10b (Carsten Heinz)
) (C:\Users\leona\AppData\Local\Programs\MiKTeX5.5\tex/latex/listings\lstmisc.sty
File: lstmisc.sty 2024/05/25 1.10b (Carsten Heinz)
\c@lstnumber=\count445
\lst@skipnumbers=\count446
\lst@framebox=\box137
) (C:\Users\leona\AppData\Local\Programs\MiKTeX5.5\tex/latex/listings\listings.cfg
File: listings.cfg 2024/05/25 1.10b listings configuration
))
Package: listings 2024/05/25 1.10b (Carsten Heinz)
 (C:\Users\leona\AppData\Local\Programs\MiKTeX5.5\tex/latex/listings\lstlang1.sty
File: lstlang1.sty 2024/05/25 1.10b listings language file
) (C:\Users\leona\AppData\Local\Programs\MiKTeX5.5\tex/latex/listings\lstmisc.sty
File: lstmisc.sty 2024/05/25 1.10b (Carsten Heinz)
) (C:\Users\leona\AppData\Local\Programs\MiKTeX5.5\tex/latex/tcolorbox\tcolorbox.sty
Package: tcolorbox 2024/01/10 version 6.2.0 text color boxes
 (C:\Users\leona\AppData\Local\Programs\MiKTeX5.5\tex/latex/tools\verbatim.sty
Package: verbatim 2024-01-22 v1.5x LaTeX2e package for verbatim enhancements
\every@verbatim=\toks48
\verbatim@line=\toks49
\verbatim@in@stream=\read4
) (C:\Users\leona\AppData\Local\Programs\MiKTeX5.5\tex/latex/environ\environ.sty
Package: environ 2014/05/04 v0.3 A new way to define environments
 (C:\Users\leona\AppData\Local\Programs\MiKTeX5.5\tex/latex/trimspaces\trimspaces.sty
Package: trimspaces 2009/09/17 v1.1 Trim spaces around a token list
))
\tcb@titlebox=\box138
\tcb@upperbox=\box139
\tcb@lowerbox=\box140
\tcb@phantombox=\box141
\c@tcbbreakpart=\count447
\c@tcblayer=\count448
\c@tcolorbox@number=\count449
\l__tcobox_tmpa_box=\box142
\l__tcobox_tmpa_dim=\dimen331
\tcb@temp=\box143
\tcb@temp=\box144
\tcb@temp=\box145
\tcb@temp=\box146
 (C:\Users\leona\AppData\Local\Programs\MiKTeX5.5\tex/latex/tcolorbox\tcbraster.code.tex
Library (tcolorbox): 'tcbraster.code.tex' version '6.2.0'
\c@tcbrastercolumn=\count450
\c@tcbrasterrow=\count451
\c@tcbrasternum=\count452
\c@tcbraster=\count453
) (C:\Users\leona\AppData\Local\Programs\MiKTeX5.5\tex/latex/tcolorbox\tcbskins.code.tex
Library (tcolorbox): 'tcbskins.code.tex' version '6.2.0'
(C:\Users\leona\AppData\Local\Programs\MiKTeX5.5\tex/latex/tikzfill\tikzfill.image.sty
Package: tikzfill.image 2023/08/08 v1.0.1 Image filling library for TikZ
 (C:\Users\leona\AppData\Local\Programs\MiKTeX5.5\tex/latex/tikzfill\tikzfill-common.sty
Package: tikzfill-common 2023/08/08 v1.0.1 Auxiliary code for tikzfill
) (C:\Users\leona\AppData\Local\Programs\MiKTeX5.5\tex/latex/tikzfill\tikzlibraryfill.image.code.tex
File: tikzlibraryfill.image.code.tex 2023/08/08 v1.0.1 Image filling library
\l__tikzfill_img_box=\box147
)) (C:\Users\leona\AppData\Local\Programs\MiKTeX5.5\tex/latex/tcolorbox\tcbskinsjigsaw.code.tex
Library (tcolorbox): 'tcbskinsjigsaw.code.tex' version '6.2.0'
)) (C:\Users\leona\AppData\Local\Programs\MiKTeX5.5\tex/latex/tcolorbox\tcbbreakable.code.tex
Library (tcolorbox): 'tcbbreakable.code.tex' version '6.2.0'
(C:\Users\leona\AppData\Local\Programs\MiKTeX5.5\tex/latex/pdfcol\pdfcol.sty
Package: pdfcol 2022-09-21 v1.7 Handle new color stacks for pdfTeX (HO)
)
Package pdfcol Info: New color stack `tcb@breakable' = 1 on input line 23.
\tcb@testbox=\box148
\tcb@totalupperbox=\box149
\tcb@totallowerbox=\box150
) (C:\Users\leona\AppData\Local\Programs\MiKTeX5.5\tex/latex/tcolorbox\tcbhooks.code.tex
Library (tcolorbox): 'tcbhooks.code.tex' version '6.2.0'
) (C:\Users\leona\AppData\Local\Programs\MiKTeX5.5\tex/latex/tcolorbox\tcbtheorems.code.tex
Library (tcolorbox): 'tcbtheorems.code.tex' version '6.2.0'
) (C:\Users\leona\AppData\Local\Programs\MiKTeX5.5\tex/latex/tcolorbox\tcbfitting.code.tex
Library (tcolorbox): 'tcbfitting.code.tex' version '6.2.0'
\tcbfitdim=\dimen332
\tcb@lowerfitdim=\dimen333
\tcb@upperfitdim=\dimen334
\tcb@cur@hbadness=\count454
) (C:\Users\leona\AppData\Local\Programs\MiKTeX5.5\tex/latex/tcolorbox\tcblistingsutf8.code.tex
Library (tcolorbox): 'tcblistingsutf8.code.tex' version '6.2.0'
(C:\Users\leona\AppData\Local\Programs\MiKTeX5.5\tex/latex/tcolorbox\tcblistings.code.tex
Library (tcolorbox): 'tcblistings.code.tex' version '6.2.0'
(C:\Users\leona\AppData\Local\Programs\MiKTeX5.5\tex/latex/tcolorbox\tcblistingscore.code.tex
Library (tcolorbox): 'tcblistingscore.code.tex' version '6.2.0'
(C:\Users\leona\AppData\Local\Programs\MiKTeX5.5\tex/latex/tcolorbox\tcbprocessing.code.tex
Library (tcolorbox): 'tcbprocessing.code.tex' version '6.2.0'
)
\c@tcblisting=\count455
)) (C:\Users\leona\AppData\Local\Programs\MiKTeX5.5\tex/latex/listingsutf8\listingsutf8.sty
Package: listingsutf8 2019-12-10 v1.5 Allow UTF-8 in listings input (HO)
)) (C:\Users\leona\AppData\Local\Programs\MiKTeX5.5\tex/latex/tcolorbox\tcbexternal.code.tex
Library (tcolorbox): 'tcbexternal.code.tex' version '6.2.0'
) (C:\Users\leona\AppData\Local\Programs\MiKTeX5.5\tex/latex/tcolorbox\tcbmagazine.code.tex
Library (tcolorbox): 'tcbmagazine.code.tex' version '6.2.0'
) (C:\Users\leona\AppData\Local\Programs\MiKTeX5.5\tex/latex/tcolorbox\tcbvignette.code.tex
Library (tcolorbox): 'tcbvignette.code.tex' version '6.2.0'
(C:\Users\leona\AppData\Local\Programs\MiKTeX5.5\tex/generic/pgf/frontendlayer/tikz/libraries\tikzlibraryfadings.code.tex
File: tikzlibraryfadings.code.tex 2023-01-15 v3.1.10 (3.1.10)
 (C:\Users\leona\AppData\Local\Programs\MiKTeX5.5\tex/generic/pgf/libraries\pgflibraryfadings.code.tex
File: pgflibraryfadings.code.tex 2023-01-15 v3.1.10 (3.1.10)
))) (C:\Users\leona\AppData\Local\Programs\MiKTeX5.5\tex/latex/tcolorbox\tcbposter.code.tex
Library (tcolorbox): 'tcbposter.code.tex' version '6.2.0'
)) (C:\Users\leona\AppData\Local\Programs\MiKTeX5.5\tex/latex/varwidth\varwidth.sty
Package: varwidth 2009/03/30 ver 0.92;  Variable-width minipages
\@vwid@box=\box151
\sift@deathcycles=\count456
\@vwid@loff=\dimen335
\@vwid@roff=\dimen336
) (C:\Users\leona\AppData\Local\Programs\MiKTeX5.5\tex/latex/enumitem\enumitem.sty
Package: enumitem 2019/06/20 v3.9 Customized lists
\labelindent=\skip85
\enit@outerparindent=\dimen337
\enit@toks=\toks50
\enit@inbox=\box152
\enit@count@id=\count457
\enitdp@description=\count458
) (C:\Users\leona\AppData\Local\Programs\MiKTeX5.5\tex/latex/import\import.sty
Package: import 2020/04/01  v 6.2
) (C:\Users\leona\AppData\Local\Programs\MiKTeX5.5\tex/latex/xifthen\xifthen.sty
Package: xifthen 2015/11/05 v1.4.0 Extended ifthen features
 (C:\Users\leona\AppData\Local\Programs\MiKTeX5.5\tex/latex/ifmtarg\ifmtarg.sty
Package: ifmtarg 2018/04/16 v1.2b check for an empty argument
)) (C:\Users\leona\AppData\Local\Programs\MiKTeX5.5\tex/latex/pdfpages\pdfpages.sty
Package: pdfpages 2024/10/28 v0.6c Insert pages of external PDF documents (AM)
 (C:\Users\leona\AppData\Local\Programs\MiKTeX5.5\tex/latex/eso-pic\eso-pic.sty
Package: eso-pic 2023/05/03 v3.0c eso-pic (RN)
\ESO@tempdima=\dimen338
\ESO@tempdimb=\dimen339
)
\AM@pagewidth=\dimen340
\AM@pageheight=\dimen341
\AM@fboxrule=\dimen342
 (C:\Users\leona\AppData\Local\Programs\MiKTeX5.5\tex/latex/pdfpages\pppdftex.def
File: pppdftex.def 2024/10/28 v0.6c Pdfpages driver for pdfTeX (AM)
)
\pdfpages@includegraphics@status=\count459
\AM@pagebox=\box153
\AM@global@opts=\toks51
\AM@pagecnt=\count460
\AM@toc@title=\toks52
\AM@lof@heading=\toks53
\c@AM@survey=\count461
\AM@templatesizebox=\box154
) (C:\Users\leona\AppData\Local\Programs\MiKTeX5.5\tex/latex/transparent\transparent.sty
Package: transparent 2022-10-27 v1.5 Transparency with color stacks
 (C:\Users\leona\AppData\Local\Programs\MiKTeX5.5\tex/latex/transparent\transparent-nometadata.sty
Package: transparent-nometadata 2022-10-27 v1.5 Transparency via pdfTeX's color stack (HO)
 (C:\Users\leona\AppData\Local\Programs\MiKTeX5.5\tex/latex/auxhook\auxhook.sty
Package: auxhook 2019-12-17 v1.6 Hooks for auxiliary files (HO)
))) (C:\Users\leona\AppData\Local\Programs\MiKTeX5.5\tex/latex/babelbib\babelbib.sty
Package: babelbib 2021/01/06 v1.34 babelbib: multilingual bibliographies
\c@btxromaniannumeral=\count462
) (C:\Users\leona\AppData\Local\Programs\MiKTeX5.5\tex/latex/titlesec\titlesec.sty
Package: titlesec 2023/10/27 v2.16 Sectioning titles
\ttl@box=\box155
\beforetitleunit=\skip86
\aftertitleunit=\skip87
\ttl@plus=\dimen343
\ttl@minus=\dimen344
\ttl@toksa=\toks54
\titlewidth=\dimen345
\titlewidthlast=\dimen346
\titlewidthfirst=\dimen347
) (C:\Users\leona\AppData\Local\Programs\MiKTeX5.5\tex/latex/comment\comment.sty
\CommentStream=\write4
 Excluding comment 'comment')
\c@tcb@cnt@inciso=\count463
 (C:\Users\leona\AppData\Local\Programs\MiKTeX5.5\tex/generic/pgf/frontendlayer/tikz/libraries\tikzlibrarycalc.code.tex
File: tikzlibrarycalc.code.tex 2023-01-15 v3.1.10 (3.1.10)
) (C:\Users\leona\AppData\Local\Programs\MiKTeX5.5\tex/latex/pgf-blur\tikzlibraryshadows.blur.code.tex  v1.02, 2012/12/09 (C:\Users\leona\AppData\Local\Programs\MiKTeX5.5\tex/generic/pgf/frontendlayer/tikz/libraries\tikzlibraryshadows.code.tex
File: tikzlibraryshadows.code.tex 2023-01-15 v3.1.10 (3.1.10)
)
\pgfbs@fading@count=\count464
)
\c@tcb@cnt@demostracion=\count465
 (C:\Users\leona\AppData\Local\Programs\MiKTeX5.5\tex/latex/base\latexsym.sty
Package: latexsym 1998/08/17 v2.2e Standard LaTeX package (lasy symbols)
\symlasy=\mathgroup6
LaTeX Font Info:    Overwriting symbol font `lasy' in version `bold'
(Font)                  U/lasy/m/n --> U/lasy/b/n on input line 52.
) (C:\Users\leona\AppData\Local\Programs\MiKTeX5.5\tex/latex/tools\rawfonts.sty
Package: rawfonts 1994/05/08 Low-level LaTeX 2.09 font compatibility
 (C:\Users\leona\AppData\Local\Programs\MiKTeX5.5\tex/latex/tools\somedefs.sty
Package: somedefs 1994/06/01 v0.03 Toolkit for optional definitions
)
LaTeX Font Info:    Trying to load font information for U+lasy on input line 49.
 (C:\Users\leona\AppData\Local\Programs\MiKTeX5.5\tex/latex/base\ulasy.fd
File: ulasy.fd 1998/08/17 v2.2e LaTeX symbol font definitions
)) (C:\Users\leona\AppData\Local\Programs\MiKTeX5.5\tex/latex/thmtools\thmtools.sty
Package: thmtools 2023/05/04 v0.76
\thmt@toks=\toks55
\c@thmt@dummyctr=\count466
 (C:\Users\leona\AppData\Local\Programs\MiKTeX5.5\tex/latex/thmtools\thm-patch.sty
Package: thm-patch 2023/05/04 v0.76
 (C:\Users\leona\AppData\Local\Programs\MiKTeX5.5\tex/latex/thmtools\parseargs.sty
Package: parseargs 2023/05/04 v0.76
\@parsespec=\toks56
)) (C:\Users\leona\AppData\Local\Programs\MiKTeX5.5\tex/latex/thmtools\thm-kv.sty
Package: thm-kv 2023/05/04 v0.76
Package thm-kv Info: Theorem names will be uppercased on input line 42.
Package thm-kv Info: kvsetkeys patch (v1.16 or later) on input line 158.
) (C:\Users\leona\AppData\Local\Programs\MiKTeX5.5\tex/latex/thmtools\thm-autoref.sty
Package: thm-autoref 2023/05/04 v0.76
 (C:\Users\leona\AppData\Local\Programs\MiKTeX5.5\tex/latex/thmtools\aliasctr.sty
Package: aliasctr 2023/05/04 v0.76
)) (C:\Users\leona\AppData\Local\Programs\MiKTeX5.5\tex/latex/thmtools\thm-listof.sty
Package: thm-listof 2023/05/04 v0.76
) (C:\Users\leona\AppData\Local\Programs\MiKTeX5.5\tex/latex/thmtools\thm-restate.sty
Package: thm-restate 2023/05/04 v0.76
) (C:\Users\leona\AppData\Local\Programs\MiKTeX5.5\tex/latex/thmtools\thm-amsthm.sty
Package: thm-amsthm 2023/05/04 v0.76
\thmt@style@headstyle=\toks57
)) (C:\Users\leona\AppData\Local\Programs\MiKTeX5.5\tex/latex/fontawesome\fontawesome.sty
Package: fontawesome 2016/05/15 v4.6.3.1 font awesome icons
 (C:\Users\leona\AppData\Local\Programs\MiKTeX5.5\tex/generic/iftex\ifxetex.sty
Package: ifxetex 2019/10/25 v0.7 ifxetex legacy package. Use iftex instead.
) (C:\Users\leona\AppData\Local\Programs\MiKTeX5.5\tex/generic/iftex\ifluatex.sty
Package: ifluatex 2019/10/25 v1.5 ifluatex legacy package. Use iftex instead.
) (C:\Users\leona\AppData\Local\Programs\MiKTeX5.5\tex/latex/fontawesome\fontawesomesymbols-generic.tex) (C:\Users\leona\AppData\Local\Programs\MiKTeX5.5\tex/latex/fontawesome\fontawesomesymbols-pdftex.tex))
\c@teorema=\count467
\c@corolario=\count468
\c@definicin=\count469
\c@proposicin=\count470
 (C:\Users\leona\AppData\Local\Programs\MiKTeX5.5\tex/latex/graphics\epsfig.sty
Package: epsfig 2024/01/14 v1.7b (e)psfig emulation (SPQR)
\epsfxsize=\dimen348
\epsfysize=\dimen349
) (C:\Users\leona\AppData\Local\Programs\MiKTeX5.5\tex/latex/geometry\geometry.sty
Package: geometry 2020/01/02 v5.9 Page Geometry
 (C:\Users\leona\AppData\Local\Programs\MiKTeX5.5\tex/generic/iftex\ifvtex.sty
Package: ifvtex 2019/10/25 v1.7 ifvtex legacy package. Use iftex instead.
)
\Gm@cnth=\count471
\Gm@cntv=\count472
\c@Gm@tempcnt=\count473
\Gm@bindingoffset=\dimen350
\Gm@wd@mp=\dimen351
\Gm@odd@mp=\dimen352
\Gm@even@mp=\dimen353
\Gm@layoutwidth=\dimen354
\Gm@layoutheight=\dimen355
\Gm@layouthoffset=\dimen356
\Gm@layoutvoffset=\dimen357
\Gm@dimlist=\toks58
 (C:\Users\leona\AppData\Local\Programs\MiKTeX5.5\tex/latex/geometry\geometry.cfg)) (C:\Users\leona\AppData\Local\Programs\MiKTeX5.5\tex/latex/fancyhdr\fancyhdr.sty
Package: fancyhdr 2024/04/23 v4.2 Extensive control of page headers and footers
\f@nch@headwidth=\skip88
\f@nch@O@elh=\skip89
\f@nch@O@erh=\skip90
\f@nch@O@olh=\skip91
\f@nch@O@orh=\skip92
\f@nch@O@elf=\skip93
\f@nch@O@erf=\skip94
\f@nch@O@olf=\skip95
\f@nch@O@orf=\skip96
) (C:\Users\leona\AppData\Local\Programs\MiKTeX5.5\tex/latex/lastpage\lastpage.sty
Package: lastpage 2024/04/27 v2.1a lastpage: 2.09 or 2e? (HMM)
 (C:\Users\leona\AppData\Local\Programs\MiKTeX5.5\tex/latex/lastpage\lastpage2e.sty
Package: lastpage2e 2024/04/27 v2.1a Decide which 2e lastpage version to use (HMM)
 (C:\Users\leona\AppData\Local\Programs\MiKTeX5.5\tex/latex/lastpage\lastpagemodern.sty
Package: lastpagemodern 2024-04-27 v2.1a Refers to last page's name (HMM; JPG)
\c@lastpagecount=\count474
) 
)) (C:\Users\leona\AppData\Local\Programs\MiKTeX5.5\tex/latex/makecell\makecell.sty
Package: makecell 2009/08/03 V0.1e Managing of Tab Column Heads and Cells
\rotheadsize=\dimen358
\c@nlinenum=\count475
\TeXr@lab=\toks59
) (C:\Users\leona\AppData\Local\Programs\MiKTeX5.5\tex/latex/tools\tabularx.sty
Package: tabularx 2023/12/11 v2.12a `tabularx' package (DPC)
\TX@col@width=\dimen359
\TX@old@table=\dimen360
\TX@old@col=\dimen361
\TX@target=\dimen362
\TX@delta=\dimen363
\TX@cols=\count476
\TX@ftn=\toks60
) (C:\Users\leona\AppData\Local\Programs\MiKTeX5.5\tex/latex/ragged2e\ragged2e.sty
Package: ragged2e 2023/06/22 v3.6 ragged2e Package
\CenteringLeftskip=\skip97
\RaggedLeftLeftskip=\skip98
\RaggedRightLeftskip=\skip99
\CenteringRightskip=\skip100
\RaggedLeftRightskip=\skip101
\RaggedRightRightskip=\skip102
\CenteringParfillskip=\skip103
\RaggedLeftParfillskip=\skip104
\RaggedRightParfillskip=\skip105
\JustifyingParfillskip=\skip106
\CenteringParindent=\skip107
\RaggedLeftParindent=\skip108
\RaggedRightParindent=\skip109
\JustifyingParindent=\skip110
) (C:\Users\leona\AppData\Local\Programs\MiKTeX5.5\tex/latex/multirow\multirow.sty
Package: multirow 2021/03/15 v2.8 Span multiple rows of a table
\multirow@colwidth=\skip111
\multirow@cntb=\count477
\multirow@dima=\skip112
\bigstrutjot=\dimen364
) (C:\Users\leona\AppData\Local\Programs\MiKTeX5.5\tex/latex/lipsum\lipsum.sty
Package: lipsum 2021-09-20 v2.7 150 paragraphs of Lorem Ipsum dummy text
\g__lipsum_par_int=\count478
\l__lipsum_a_int=\count479
\l__lipsum_b_int=\count480
 (C:\Users\leona\AppData\Local\Programs\MiKTeX5.5\tex/latex/lipsum\lipsum.ltd.tex)) (C:\Users\leona\AppData\Local\Programs\MiKTeX5.5\tex/generic/pgf/frontendlayer/tikz/libraries\tikzlibrarybackgrounds.code.tex
File: tikzlibrarybackgrounds.code.tex 2023-01-15 v3.1.10 (3.1.10)
\pgf@layerbox@background=\box156
\pgf@layerboxsaved@background=\box157
) (C:\Users\leona\AppData\Local\Programs\MiKTeX5.5\tex/generic/pgf/frontendlayer/tikz/libraries\tikzlibraryshapes.arrows.code.tex
File: tikzlibraryshapes.arrows.code.tex 2023-01-15 v3.1.10 (3.1.10)
 (C:\Users\leona\AppData\Local\Programs\MiKTeX5.5\tex/generic/pgf/libraries/shapes\pgflibraryshapes.arrows.code.tex
File: pgflibraryshapes.arrows.code.tex 2023-01-15 v3.1.10 (3.1.10)
)) (C:\Users\leona\AppData\Local\Programs\MiKTeX5.5\tex/generic/pgf/frontendlayer/tikz/libraries\tikzlibrarypositioning.code.tex
File: tikzlibrarypositioning.code.tex 2023-01-15 v3.1.10 (3.1.10)
) (C:\Users\leona\AppData\Local\Programs\MiKTeX5.5\tex/latex/pgfplots\pgfplots.sty (C:\Users\leona\AppData\Local\Programs\MiKTeX5.5\tex/generic/pgfplots\pgfplots.revision.tex)
Package: pgfplots 2021/05/15 v1.18.1 Data Visualization (1.18.1)
 (C:\Users\leona\AppData\Local\Programs\MiKTeX5.5\tex/generic/pgfplots\pgfplots.code.tex (C:\Users\leona\AppData\Local\Programs\MiKTeX5.5\tex/generic/pgfplots\pgfplotscore.code.tex
\t@pgfplots@toka=\toks61
\t@pgfplots@tokb=\toks62
\t@pgfplots@tokc=\toks63
\pgfplots@tmpa=\dimen365
\c@pgfplots@coordindex=\count481
\c@pgfplots@scanlineindex=\count482
 (C:\Users\leona\AppData\Local\Programs\MiKTeX5.5\tex/generic/pgfplots/sys\pgfplotssysgeneric.code.tex)) (C:\Users\leona\AppData\Local\Programs\MiKTeX5.5\tex/generic/pgfplots/libs\pgfplotslibrary.code.tex) (C:\Users\leona\AppData\Local\Programs\MiKTeX5.5\tex/generic/pgfplots/oldpgfcompatib\pgfplotsoldpgfsupp_loader.code.tex (C:\Users\leona\AppData\Local\Programs\MiKTeX5.5\tex/generic/pgf/libraries\pgflibraryfpu.code.tex)
Package pgfplots: loading complementary utilities for your pgf version...
\t@pgf@toka=\toks64
\t@pgf@tokb=\toks65
\t@pgf@tokc=\toks66
(C:\Users\leona\AppData\Local\Programs\MiKTeX5.5\tex/generic/pgfplots/oldpgfcompatib\pgfplotsoldpgfsupp_pgfutil-common-lists.tex)) (C:\Users\leona\AppData\Local\Programs\MiKTeX5.5\tex/generic/pgfplots/util\pgfplotsutil.code.tex (C:\Users\leona\AppData\Local\Programs\MiKTeX5.5\tex/generic/pgfplots/liststructure\pgfplotsliststructure.code.tex) (C:\Users\leona\AppData\Local\Programs\MiKTeX5.5\tex/generic/pgfplots/liststructure\pgfplotsliststructureext.code.tex) (C:\Users\leona\AppData\Local\Programs\MiKTeX5.5\tex/generic/pgfplots/liststructure\pgfplotsarray.code.tex
\c@pgfplotsarray@tmp=\count483
) (C:\Users\leona\AppData\Local\Programs\MiKTeX5.5\tex/generic/pgfplots/liststructure\pgfplotsmatrix.code.tex) (C:\Users\leona\AppData\Local\Programs\MiKTeX5.5\tex/generic/pgfplots/numtable\pgfplotstableshared.code.tex
\c@pgfplotstable@counta=\count484
\t@pgfplotstable@a=\toks67
) (C:\Users\leona\AppData\Local\Programs\MiKTeX5.5\tex/generic/pgfplots/liststructure\pgfplotsdeque.code.tex) (C:\Users\leona\AppData\Local\Programs\MiKTeX5.5\tex/generic/pgfplots/util\pgfplotsbinary.code.tex (C:\Users\leona\AppData\Local\Programs\MiKTeX5.5\tex/generic/pgfplots/util\pgfplotsbinary.data.code.tex)) (C:\Users\leona\AppData\Local\Programs\MiKTeX5.5\tex/generic/pgfplots/util\pgfplotsutil.verb.code.tex) (C:\Users\leona\AppData\Local\Programs\MiKTeX5.5\tex/generic/pgfplots/libs\pgflibrarypgfplots.surfshading.code.tex
\c@pgfplotslibrarysurf@no=\count485
 (C:\Users\leona\AppData\Local\Programs\MiKTeX5.5\tex/generic/pgfplots/sys\pgflibrarypgfplots.surfshading.pgfsys-pdftex.def))) (C:\Users\leona\AppData\Local\Programs\MiKTeX5.5\tex/generic/pgfplots/util\pgfplotscolormap.code.tex (C:\Users\leona\AppData\Local\Programs\MiKTeX5.5\tex/generic/pgfplots/util\pgfplotscolor.code.tex)) (C:\Users\leona\AppData\Local\Programs\MiKTeX5.5\tex/generic/pgfplots\pgfplotsstackedplots.code.tex) (C:\Users\leona\AppData\Local\Programs\MiKTeX5.5\tex/generic/pgfplots\pgfplotsplothandlers.code.tex (C:\Users\leona\AppData\Local\Programs\MiKTeX5.5\tex/generic/pgfplots\pgfplotsmeshplothandler.code.tex (C:\Users\leona\AppData\Local\Programs\MiKTeX5.5\tex/generic/pgfplots\pgfplotsmeshplotimage.code.tex))) (C:\Users\leona\AppData\Local\Programs\MiKTeX5.5\tex/generic/pgfplots\pgfplots.scaling.code.tex) (C:\Users\leona\AppData\Local\Programs\MiKTeX5.5\tex/generic/pgfplots\pgfplotscoordprocessing.code.tex) (C:\Users\leona\AppData\Local\Programs\MiKTeX5.5\tex/generic/pgfplots\pgfplots.errorbars.code.tex) (C:\Users\leona\AppData\Local\Programs\MiKTeX5.5\tex/generic/pgfplots\pgfplots.markers.code.tex) (C:\Users\leona\AppData\Local\Programs\MiKTeX5.5\tex/generic/pgfplots\pgfplotsticks.code.tex) (C:\Users\leona\AppData\Local\Programs\MiKTeX5.5\tex/generic/pgfplots\pgfplots.paths.code.tex) (C:\Users\leona\AppData\Local\Programs\MiKTeX5.5\tex/generic/pgf/frontendlayer/tikz/libraries\tikzlibrarydecorations.pathreplacing.code.tex (C:\Users\leona\AppData\Local\Programs\MiKTeX5.5\tex/generic/pgf/libraries/decorations\pgflibrarydecorations.pathreplacing.code.tex)) (C:\Users\leona\AppData\Local\Programs\MiKTeX5.5\tex/generic/pgfplots/libs\tikzlibrarypgfplots.contourlua.code.tex)
\pgfplots@numplots=\count486
\pgfplots@xmin@reg=\dimen366
\pgfplots@xmax@reg=\dimen367
\pgfplots@ymin@reg=\dimen368
\pgfplots@ymax@reg=\dimen369
\pgfplots@zmin@reg=\dimen370
\pgfplots@zmax@reg=\dimen371
) (C:\Users\leona\AppData\Local\Programs\MiKTeX5.5\tex/generic/pgf/frontendlayer/tikz/libraries\tikzlibraryplotmarks.code.tex
File: tikzlibraryplotmarks.code.tex 2023-01-15 v3.1.10 (3.1.10)
 (C:\Users\leona\AppData\Local\Programs\MiKTeX5.5\tex/generic/pgf/libraries\pgflibraryplotmarks.code.tex
File: pgflibraryplotmarks.code.tex 2023-01-15 v3.1.10 (3.1.10)
)))) (c:\Users\leona\OneDrive\Documentos\Github\Formato-para-Tareas-Facultad-de-Ciencias---UNAM\.aux\Plantilla.aux
LaTeX Info: Redefining \. on input line 15.
LaTeX Info: Redefining \% on input line 15.


LaTeX Warning: Label `def:-' multiply defined.


LaTeX Warning: Label `def:-' multiply defined.


LaTeX Warning: Label `def:-' multiply defined.


LaTeX Warning: Label `def:-' multiply defined.

)
\openout1 = `Plantilla.aux'.

LaTeX Font Info:    Checking defaults for OML/cmm/m/it on input line 13.
LaTeX Font Info:    ... okay on input line 13.
LaTeX Font Info:    Checking defaults for OMS/cmsy/m/n on input line 13.
LaTeX Font Info:    ... okay on input line 13.
LaTeX Font Info:    Checking defaults for OT1/cmr/m/n on input line 13.
LaTeX Font Info:    ... okay on input line 13.
LaTeX Font Info:    Checking defaults for T1/cmr/m/n on input line 13.
LaTeX Font Info:    ... okay on input line 13.
LaTeX Font Info:    Checking defaults for TS1/cmr/m/n on input line 13.
LaTeX Font Info:    ... okay on input line 13.
LaTeX Font Info:    Checking defaults for OMX/cmex/m/n on input line 13.
LaTeX Font Info:    ... okay on input line 13.
LaTeX Font Info:    Checking defaults for U/cmr/m/n on input line 13.
LaTeX Font Info:    ... okay on input line 13.
LaTeX Font Info:    Checking defaults for PD1/pdf/m/n on input line 13.
LaTeX Font Info:    ... okay on input line 13.
LaTeX Font Info:    Checking defaults for PU/pdf/m/n on input line 13.
LaTeX Font Info:    ... okay on input line 13.
LaTeX Info: Redefining \. on input line 13.
LaTeX Info: Redefining \% on input line 13.
 (C:\Users\leona\AppData\Local\Programs\MiKTeX5.5\tex/context/base/mkii\supp-pdf.mkii
[Loading MPS to PDF converter (version 2006.09.02).]
\scratchcounter=\count487
\scratchdimen=\dimen372
\scratchbox=\box158
\nofMPsegments=\count488
\nofMParguments=\count489
\everyMPshowfont=\toks68
\MPscratchCnt=\count490
\MPscratchDim=\dimen373
\MPnumerator=\count491
\makeMPintoPDFobject=\count492
\everyMPtoPDFconversion=\toks69
) (C:\Users\leona\AppData\Local\Programs\MiKTeX5.5\tex/latex/epstopdf-pkg\epstopdf-base.sty
Package: epstopdf-base 2020-01-24 v2.11 Base part for package epstopdf
Package epstopdf-base Info: Redefining graphics rule for `.eps' on input line 485.
 (C:\Users\leona\AppData\Local\Programs\MiKTeX5.5\tex/latex/00miktex\epstopdf-sys.cfg
File: epstopdf-sys.cfg 2021/03/18 v2.0 Configuration of epstopdf for MiKTeX
))
Package hyperref Info: Link coloring ON on input line 13.
 (C:\Users\leona\AppData\Local\Programs\MiKTeX5.5\tex/latex/translations/dicts\translations-basic-dictionary-spanish.trsl
File: translations-basic-dictionary-spanish.trsl (spanish translation file `translations-basic-dictionary')
)
Package translations Info: loading dictionary `translations-basic-dictionary' for `spanish'. on input line 13.
\c@lstlisting=\count493
 (C:\Users\leona\AppData\Local\Programs\MiKTeX5.5\tex/latex/pdflscape\pdflscape.sty
Package: pdflscape 2022-10-27 v0.13 Display of landscape pages in PDF
 (C:\Users\leona\AppData\Local\Programs\MiKTeX5.5\tex/latex/pdflscape\pdflscape-nometadata.sty
Package: pdflscape-nometadata 2022-10-28 v0.13 Display of landscape pages in PDF (HO)
 (C:\Users\leona\AppData\Local\Programs\MiKTeX5.5\tex/latex/graphics\lscape.sty
Package: lscape 2020/05/28 v3.02 Landscape Pages (DPC)
)
Package pdflscape Info: Auto-detected driver: pdftex on input line 81.
))
babelbib: Set bibliography fall-back language to spanish
babelbib: spanish.bdf loaded because language spanish defined.
(C:\Users\leona\AppData\Local\Programs\MiKTeX5.5\tex/latex/babelbib\spanish.bdf
File: spanish.bdf 2021/01/06 v1.34 babelbib: multilingual bibliographies

babelbib extension \btxifchangecaseoff added to \extrasspanish
)
babelbib: Load BibTeX extensions \bibsspanish for spanish
babelbib: Set language for keywords in the bibliography fixed to spanish
*geometry* driver: auto-detecting
*geometry* detected driver: pdftex
*geometry* verbose mode - [ preamble ] result:
* driver: pdftex
* paper: letterpaper
* layout: <same size as paper>
* layoutoffset:(h,v)=(0.0pt,0.0pt)
* modes: 
* h-part:(L,W,R)=(56.9055pt, 500.484pt, 56.9055pt)
* v-part:(T,H,B)=(51.21504pt, 678.31352pt, 65.44142pt)
* \paperwidth=614.295pt
* \paperheight=794.96999pt
* \textwidth=500.484pt
* \textheight=678.31352pt
* \oddsidemargin=-15.36449pt
* \evensidemargin=-15.36449pt
* \topmargin=-58.05495pt
* \headheight=12.0pt
* \headsep=25.0pt
* \topskip=11.0pt
* \footskip=30.0pt
* \marginparwidth=59.0pt
* \marginparsep=10.0pt
* \columnsep=10.0pt
* \skip\footins=10.0pt plus 4.0pt minus 2.0pt
* \hoffset=0.0pt
* \voffset=0.0pt
* \mag=1000
* \@twocolumnfalse
* \@twosidefalse
* \@mparswitchfalse
* \@reversemarginfalse
* (1in=72.27pt=25.4mm, 1cm=28.453pt)

Package pgfplots notification 'compat/show suggested version=true': document has been generated with the most recent feature set (\pgfplotsset{compat=1.18}).

<Logo_UNAM.png, id=42, 1204.5pt x 1354.05875pt>
File: Logo_UNAM.png Graphic file (type png)
<use Logo_UNAM.png>
Package pdftex.def Info: Logo_UNAM.png  used on input line 21.
(pdftex.def)             Requested size: 86.05125pt x 96.73918pt.

Overfull \hbox (0.693pt too wide) in paragraph at lines 21--22
 [] 
 []

LaTeX Font Info:    Trying to load font information for U+msa on input line 23.
(C:\Users\leona\AppData\Local\Programs\MiKTeX5.5\tex/latex/amsfonts\umsa.fd
File: umsa.fd 2013/01/14 v3.01 AMS symbols A
)
LaTeX Font Info:    Trying to load font information for U+msb on input line 23.
 (C:\Users\leona\AppData\Local\Programs\MiKTeX5.5\tex/latex/amsfonts\umsb.fd
File: umsb.fd 2013/01/14 v3.01 AMS symbols B
)
<Logo_FC.png, id=44, 1102.1175pt x 1233.60875pt>
File: Logo_FC.png Graphic file (type png)
<use Logo_FC.png>
Package pdftex.def Info: Logo_FC.png  used on input line 36.
(pdftex.def)             Requested size: 86.42223pt x 96.73918pt.

Overfull \hbox (1.06396pt too wide) in paragraph at lines 36--37
 [] 
 []


Overfull \hbox (11.66559pt too wide) in paragraph at lines 41--42
[][] 
 []

Package hyperref Info: bookmark level for unknown teorema defaults to 0 on input line 63.

Underfull \hbox (badness 10000) in paragraph at lines 108--109

 []



File: Logo_FC.png Graphic file (type png)
<use Logo_FC.png>
Package pdftex.def Info: Logo_FC.png  used on input line 133.
(pdftex.def)             Requested size: 25.41039pt x 28.45274pt.

Package fancyhdr Warning: \footskip is too small (30.0pt): 
(fancyhdr)                Make it at least 32.53278pt, for example:
(fancyhdr)                \setlength{\footskip}{32.53278pt}.

[1

{C:/Users/leona/AppData/Local/MiKTeX/fonts/map/pdftex/pdftex.map} <./Logo_UNAM.png> <./Logo_FC.png>]

File: Logo_FC.png Graphic file (type png)
<use Logo_FC.png>
Package pdftex.def Info: Logo_FC.png  used on input line 146.
(pdftex.def)             Requested size: 25.41039pt x 28.45274pt.

Package fancyhdr Warning: \footskip is too small (30.0pt): 
(fancyhdr)                Make it at least 32.53278pt, for example:
(fancyhdr)                \setlength{\footskip}{32.53278pt}.

[2]

File: Logo_FC.png Graphic file (type png)
<use Logo_FC.png>
Package pdftex.def Info: Logo_FC.png  used on input line 189.
(pdftex.def)             Requested size: 25.41039pt x 28.45274pt.

Package fancyhdr Warning: \footskip is too small (30.0pt): 
(fancyhdr)                Make it at least 32.53278pt, for example:
(fancyhdr)                \setlength{\footskip}{32.53278pt}.

[3] 
enddocument/afterlastpage: lastpage setting LastPage.
(c:\Users\leona\OneDrive\Documentos\Github\Formato-para-Tareas-Facultad-de-Ciencias---UNAM\.aux\Plantilla.aux
LaTeX Info: Redefining \. on input line 15.
LaTeX Info: Redefining \% on input line 15.
)
 ***********
LaTeX2e <2024-06-01> patch level 1
L3 programming layer <2024-05-27>
 ***********


LaTeX Warning: There were multiply-defined labels.

 ) 
Here is how much of TeX's memory you used:
 54067 strings out of 473920
 1280045 string characters out of 5725567
 2657935 words of memory out of 5000000
 75989 multiletter control sequences out of 15000+600000
 577053 words of font info for 110 fonts, out of 8000000 for 9000
 1141 hyphenation exceptions out of 8191
 103i,21n,110p,916b,2694s stack positions out of 10000i,1000n,20000p,200000b,200000s
<C:/Users/leona/AppData/Local/Programs/MiKTeX5.5/fonts/type1/public/amsfonts/cm/cmbx10.pfb><C:/Users/leona/AppData/Local/Programs/MiKTeX5.5/fonts/type1/public/amsfonts/cm/cmbx12.pfb><C:/Users/leona/AppData/Local/Programs/MiKTeX5.5/fonts/type1/public/amsfonts/cm/cmbx8.pfb><C:/Users/leona/AppData/Local/Programs/MiKTeX5.5/fonts/type1/public/amsfonts/cm/cmex10.pfb><C:/Users/leona/AppData/Local/Programs/MiKTeX5.5/fonts/type1/public/amsfonts/cm/cmmi10.pfb><C:/Users/leona/AppData/Local/Programs/MiKTeX5.5/fonts/type1/public/amsfonts/cm/cmr10.pfb><C:/Users/leona/AppData/Local/Programs/MiKTeX5.5/fonts/type1/public/amsfonts/cm/cmr8.pfb><C:/Users/leona/AppData/Local/Programs/MiKTeX5.5/fonts/type1/public/amsfonts/cm/cmssbx10.pfb><C:/Users/leona/AppData/Local/Programs/MiKTeX5.5/fonts/type1/public/amsfonts/cm/cmsy10.pfb><C:/Users/leona/AppData/Local/Programs/MiKTeX5.5/fonts/type1/public/amsfonts/cm/cmti10.pfb><C:/Users/leona/AppData/Local/Programs/MiKTeX5.5/fonts/type1/public/amsfonts/cm/cmtt8.pfb>
Output written on c:\Users\leona\OneDrive\Documentos\Github\Formato-para-Tareas-Facultad-de-Ciencias---UNAM\.aux\Plantilla.pdf (3 pages, 812096 bytes).
PDF statistics:
 155 PDF objects out of 1000 (max. 8388607)
 27 named destinations out of 1000 (max. 500000)
 185 words of extra memory for PDF output out of 10000 (max. 10000000)

